#
# There is insufficient memory for the Java Runtime Environment to continue.
# Native memory allocation (mmap) failed to map 132120576 bytes for Failed to commit area from 0x0000000082400000 to 0x000000008a200000 of length 132120576.
# Possible reasons:
#   The system is out of physical RAM or swap space
#   The process is running with CompressedOops enabled, and the Java Heap may be blocking the growth of the native heap
# Possible solutions:
#   Reduce memory load on the system
#   Increase physical memory or swap space
#   Check if swap backing store is full
#   Decrease Java heap size (-Xmx/-Xms)
#   Decrease number of Java threads
#   Decrease Java thread stack sizes (-Xss)
#   Set larger code cache with -XX:ReservedCodeCacheSize=
#   JVM is running with Unscaled Compressed Oops mode in which the Java heap is
#     placed in the first 4GB address space. The Java Heap base address is the
#     maximum limit for the native heap growth. Please use -XX:HeapBaseMinAddress
#     to set the Java Heap base and to place the Java Heap above 4GB virtual address.
# This output file may be truncated or incomplete.
#
#  Out of Memory Error (./open/src/hotspot/os/windows/os_windows.cpp:3315), pid=20240, tid=8740
#
# JRE version:  (14.0.1+7) (build )
# Java VM: Java HotSpot(TM) 64-Bit Server VM (14.0.1+7, mixed mode, sharing, tiered, compressed oops, g1 gc, windows-amd64)
# No core dump will be written. Minidumps are not enabled by default on client versions of Windows
#

---------------  S U M M A R Y ------------

Command Line: -Dfile.encoding=Cp1252 Main

Host: Intel(R) Core(TM) i7-8750H CPU @ 2.20GHz, 12 cores, 7G,  Windows 10 , 64 bit Build 18362 (10.0.18362.1350)
Time: Fri Apr 16 01:53:03 2021 Hora estándar, América Central elapsed time: 0 seconds (0d 0h 0m 0s)

---------------  T H R E A D  ---------------

Current thread (0x0000021c24d3f800):  JavaThread "Unknown thread" [_thread_in_vm, id=8740, stack(0x0000008206a00000,0x0000008206b00000)]

Stack: [0x0000008206a00000,0x0000008206b00000]
Native frames: (J=compiled Java code, j=interpreted, Vv=VM code, C=native code)
V  [jvm.dll+0x5f840a]
V  [jvm.dll+0x741e4a]
V  [jvm.dll+0x7435ff]
V  [jvm.dll+0x743c43]
V  [jvm.dll+0x20d288]
V  [jvm.dll+0x5f57ba]
V  [jvm.dll+0x5ea615]
V  [jvm.dll+0x2c7e9c]
V  [jvm.dll+0x2c7cd2]
V  [jvm.dll+0x2cdbbc]
V  [jvm.dll+0x313ff8]
V  [jvm.dll+0x313720]
V  [jvm.dll+0x2a092a]
V  [jvm.dll+0x2a1a79]
V  [jvm.dll+0x71f718]
V  [jvm.dll+0x321c44]
V  [jvm.dll+0x700b0c]
V  [jvm.dll+0x392dff]
V  [jvm.dll+0x394e71]
C  [jli.dll+0x523b]
C  [ucrtbase.dll+0x210b2]
C  [KERNEL32.DLL+0x17c24]
C  [ntdll.dll+0x6d721]


---------------  P R O C E S S  ---------------

Threads class SMR info:
_java_thread_list=0x00007ff810973078, length=0, elements={
}

Java Threads: ( => current thread )

Other Threads:
  0x0000021c24d84000 GCTaskThread "GC Thread#0" [stack: 0x0000008206b00000,0x0000008206c00000] [id=18188]
  0x0000021c24d96000 ConcurrentGCThread "G1 Main Marker" [stack: 0x0000008206c00000,0x0000008206d00000] [id=8716]
  0x0000021c24d97800 ConcurrentGCThread "G1 Conc#0" [stack: 0x0000008206d00000,0x0000008206e00000] [id=5704]

[error occurred during error reporting (printing all threads), id 0xc0000005, EXCEPTION_ACCESS_VIOLATION (0xc0000005) at pc=0x00007ff8101a1257]

VM state:not at safepoint (not fully initialized)

VM Mutex/Monitor currently owned by a thread:  ([mutex/lock_event])
[0x0000021c24d3ab00] Heap_lock - owner thread: 0x0000021c24d3f800

Heap address: 0x0000000082400000, size: 2012 MB, Compressed Oops mode: 32-bit
Narrow klass base: 0x0000000000000000, Narrow klass shift: 0

GC Heap History (0 events):
No events

Deoptimization events (0 events):
No events

Classes unloaded (0 events):
No events

Classes redefined (0 events):
No events

Internal exceptions (0 events):
No events

Events (2 events):
Event: 0.006 Loaded shared library D:\Archivos de programa\Java\jdk-14.0.1\bin\java.dll
Event: 0.007 Loaded shared library D:\Archivos de programa\Java\jdk-14.0.1\bin\zip.dll


Dynamic libraries:
0x00007ff7e8690000 - 0x00007ff7e869f000 	D:\Archivos de programa\Java\jdk-14.0.1\bin\javaw.exe
0x00007ff859ba0000 - 0x00007ff859d90000 	C:\WINDOWS\SYSTEM32\ntdll.dll
0x00007ff858b30000 - 0x00007ff858be2000 	C:\WINDOWS\System32\KERNEL32.DLL
0x00007ff856d10000 - 0x00007ff856fb5000 	C:\WINDOWS\System32\KERNELBASE.dll
0x00007ff857220000 - 0x00007ff85731a000 	C:\WINDOWS\System32\ucrtbase.dll
0x00007ff844300000 - 0x00007ff844318000 	D:\Archivos de programa\Java\jdk-14.0.1\bin\jli.dll
0x00007ff843dd0000 - 0x00007ff843de5000 	D:\Archivos de programa\Java\jdk-14.0.1\bin\VCRUNTIME140.dll
0x00007ff858190000 - 0x00007ff858233000 	C:\WINDOWS\System32\ADVAPI32.dll
0x00007ff859270000 - 0x00007ff85930e000 	C:\WINDOWS\System32\msvcrt.dll
0x00007ff859410000 - 0x00007ff8594a7000 	C:\WINDOWS\System32\sechost.dll
0x00007ff859a40000 - 0x00007ff859b5f000 	C:\WINDOWS\System32\RPCRT4.dll
0x00007ff8595c0000 - 0x00007ff859754000 	C:\WINDOWS\System32\USER32.dll
0x00007ff843700000 - 0x00007ff843984000 	C:\WINDOWS\WinSxS\amd64_microsoft.windows.common-controls_6595b64144ccf1df_6.0.18362.1440_none_9e7dbfb9e45e8e67\COMCTL32.dll
0x00007ff856b40000 - 0x00007ff856b61000 	C:\WINDOWS\System32\win32u.dll
0x00007ff857ce0000 - 0x00007ff858016000 	C:\WINDOWS\System32\combase.dll
0x00007ff858bf0000 - 0x00007ff858c16000 	C:\WINDOWS\System32\GDI32.dll
0x00007ff856fc0000 - 0x00007ff857041000 	C:\WINDOWS\System32\bcryptPrimitives.dll
0x00007ff856b70000 - 0x00007ff856d08000 	C:\WINDOWS\System32\gdi32full.dll
0x00007ff857320000 - 0x00007ff8573be000 	C:\WINDOWS\System32\msvcp_win.dll
0x00007ff8501e0000 - 0x00007ff8501ea000 	C:\WINDOWS\SYSTEM32\VERSION.dll
0x00007ff858020000 - 0x00007ff85804e000 	C:\WINDOWS\System32\IMM32.DLL
0x00007ff81a220000 - 0x00007ff81a2bb000 	D:\Archivos de programa\Java\jdk-14.0.1\bin\msvcp140.dll
0x00007ff80fef0000 - 0x00007ff810a0e000 	D:\Archivos de programa\Java\jdk-14.0.1\bin\server\jvm.dll
0x00007ff857c70000 - 0x00007ff857c78000 	C:\WINDOWS\System32\PSAPI.DLL
0x00007ff854690000 - 0x00007ff8546b4000 	C:\WINDOWS\SYSTEM32\WINMM.dll
0x00007ff851b50000 - 0x00007ff851b59000 	C:\WINDOWS\SYSTEM32\WSOCK32.dll
0x00007ff8590a0000 - 0x00007ff85910f000 	C:\WINDOWS\System32\WS2_32.dll
0x00007ff854610000 - 0x00007ff85463d000 	C:\WINDOWS\SYSTEM32\WINMMBASE.dll
0x00007ff8571d0000 - 0x00007ff85721a000 	C:\WINDOWS\System32\cfgmgr32.dll
0x00007ff856a60000 - 0x00007ff856a71000 	C:\WINDOWS\System32\kernel.appcore.dll
0x00007ff8548c0000 - 0x00007ff8548ca000 	D:\Archivos de programa\Java\jdk-14.0.1\bin\jimage.dll
0x00007ff854a80000 - 0x00007ff854c74000 	C:\WINDOWS\SYSTEM32\DBGHELP.DLL
0x00007ff83fd50000 - 0x00007ff83fd7a000 	C:\WINDOWS\SYSTEM32\dbgcore.DLL
0x00007ff845070000 - 0x00007ff845095000 	D:\Archivos de programa\Java\jdk-14.0.1\bin\java.dll
0x00007ff853000000 - 0x00007ff853016000 	D:\Archivos de programa\Java\jdk-14.0.1\bin\zip.dll

dbghelp: loaded successfully - version: 4.0.5 - missing functions: none
symbol engine: initialized successfully - sym options: 0x614 - pdb path: .;D:\Archivos de programa\Java\jdk-14.0.1\bin;C:\WINDOWS\SYSTEM32;C:\WINDOWS\WinSxS\amd64_microsoft.windows.common-controls_6595b64144ccf1df_6.0.18362.1440_none_9e7dbfb9e45e8e67;D:\Archivos de programa\Java\jdk-14.0.1\bin\server

VM Arguments:
jvm_args: -Dfile.encoding=Cp1252 
java_command: Main
java_class_path (initial): D:\Archivos de programa\eclipse-repository\DiccionarioArbolesBinarios\DiccionarioArbolesBinarios\bin
Launcher Type: SUN_STANDARD

[Global flags]
     intx CICompilerCount                          = 4                                         {product} {ergonomic}
     uint ConcGCThreads                            = 3                                         {product} {ergonomic}
     uint G1ConcRefinementThreads                  = 10                                        {product} {ergonomic}
   size_t G1HeapRegionSize                         = 1048576                                   {product} {ergonomic}
    uintx GCDrainStackTargetSize                   = 64                                        {product} {ergonomic}
   size_t InitialHeapSize                          = 132120576                                 {product} {ergonomic}
   size_t MarkStackSize                            = 4194304                                   {product} {ergonomic}
   size_t MaxHeapSize                              = 2109734912                                {product} {ergonomic}
   size_t MinHeapDeltaBytes                        = 1048576                                   {product} {ergonomic}
   size_t MinHeapSize                              = 8388608                                   {product} {ergonomic}
    uintx NonNMethodCodeHeapSize                   = 5839372                                {pd product} {ergonomic}
    uintx NonProfiledCodeHeapSize                  = 122909434                              {pd product} {ergonomic}
    uintx ProfiledCodeHeapSize                     = 122909434                              {pd product} {ergonomic}
    uintx ReservedCodeCacheSize                    = 251658240                              {pd product} {ergonomic}
     bool SegmentedCodeCache                       = true                                      {product} {ergonomic}
   size_t SoftMaxHeapSize                          = 2109734912                             {manageable} {ergonomic}
     bool UseCompressedClassPointers               = true                                 {lp64_product} {ergonomic}
     bool UseCompressedOops                        = true                                 {lp64_product} {ergonomic}
     bool UseG1GC                                  = true                                      {product} {ergonomic}
     bool UseLargePagesIndividualAllocation        = false                                  {pd product} {ergonomic}

Logging:
Log output configuration:
 #0: stdout all=warning uptime,level,tags
 #1: stderr all=off uptime,level,tags

Environment Variables:
PATH=D:/Archivos de programa/Java/jdk-14.0.1/bin/server;D:/Archivos de programa/Java/jdk-14.0.1/bin;C:\Windows\system32;C:\Windows;C:\Windows\System32\Wbem;C:\Windows\System32\WindowsPowerShell\v1.0\;C:\Windows\System32\OpenSSH\;C:\Program Files (x86)\NVIDIA Corporation\PhysX\Common;D:\Archivos de programa\Node\;C:\Program Files\NVIDIA Corporation\NVIDIA NvDLISR;C:\Program Files\Microsoft SQL Server\110\Tools\Binn\;C:\Program Files (x86)\Microsoft SQL Server\110\Tools\Binn\ManagementStudio\;C:\Program Files (x86)\Microsoft SQL Server\110\Tools\Binn\;C:\Program Files (x86)\Microsoft Visual Studio 10.0\Common7\IDE\PrivateAssemblies\;C:\Program Files (x86)\Microsoft SQL Server\110\DTS\Binn\;C:\Program Files\Microsoft SQL Server\110\DTS\Binn\;C:\Program Files\dotnet\;C:\Program Files\Microsoft SQL Server\130\Tools\Binn\;D:\Archivos de programa\Git\cmd;D:\Archivos de programa\bin\;C:\ProgramData\chocolatey\bin;C:\Program Files\Intel\WiFi\bin\;C:\Program Files\Common Files\Intel\WirelessCommon\;D:\Archivos de programa\Java\jdk-14.0.1\bin;;C:\WINDOWS\system32;C:\WINDOWS;C:\WINDOWS\System32\Wbem;C:\WINDOWS\System32\WindowsPowerShell\v1.0\;C:\WINDOWS\System32\OpenSSH\;C:\Users\ASUS\AppData\Local\Programs\Python\Python38-32\Scripts\;C:\Users\ASUS\AppData\Local\Programs\Python\Python38-32\;C:\Users\ASUS\AppData\Local\Microsoft\WindowsApps;C:\Users\ASUS\AppData\Local\Programs\Microsoft VS Code\bin;C:\Users\ASUS\AppData\Roaming\npm;C:\Users\ASUS\AppData\Local\Yarn\bin;C:\Program Files\Intel\WiFi\bin\;C:\Program Files\Common Files\Intel\WirelessCommon\;C:\Program Files\heroku\bin;%USERPROFILE%\AppData\Local\Microsoft\WindowsApps;;D:\Usuarios\Oscar\Escritorio;
USERNAME=ASUS
OS=Windows_NT
PROCESSOR_IDENTIFIER=Intel64 Family 6 Model 158 Stepping 10, GenuineIntel



---------------  S Y S T E M  ---------------

OS: Windows 10 , 64 bit Build 18362 (10.0.18362.1350)
OS uptime: 9 days 9:19 hours

CPU:total 12 (initial active 12) (6 cores per cpu, 2 threads per core) family 6 model 158 stepping 10, cmov, cx8, fxsr, mmx, sse, sse2, sse3, ssse3, sse4.1, sse4.2, popcnt, avx, avx2, aes, clmul, erms, 3dnowpref, lzcnt, ht, tsc, tscinvbit, bmi1, bmi2, adx, fma

Memory: 4k page, system-wide physical 8046M (584M free)
TotalPageFile size 22210M (AvailPageFile size 81M)
current process WorkingSet (physical memory assigned to process): 10M, peak: 10M
current process commit charge ("private bytes"): 64M, peak: 190M

vm_info: Java HotSpot(TM) 64-Bit Server VM (14.0.1+7) for windows-amd64 JRE (14.0.1+7), built on Mar  5 2020 10:30:14 by "mach5one" with MS VC++ 15.9 (VS2017)

END.
